<?xml version="1.0" encoding="UTF-8"?>
<!-- Generated by org.testng.reporters.JUnitReportReporter -->
<testsuite hostname="XIPL9166" name="com.trello.workflow.TestFaker" tests="1" failures="0" timestamp="16 Jun 2020 12:01:13 GMT" time="0.292" errors="0">
  <testcase name="testFaker" time="0.292" classname="com.trello.workflow.TestFaker"/>
</testsuite> <!-- com.trello.workflow.TestFaker -->
