<?xml version="1.0" encoding="UTF-8"?>
<!-- Generated by org.testng.reporters.JUnitReportReporter -->
<testsuite hostname="XIPL9166" name="com.trello.workflow.UpdateBoardsTests" tests="1" failures="0" timestamp="13 Jul 2020 08:13:39 GMT" time="2.567" errors="0">
  <testcase name="updateNameOfBoard" time="2.567" classname="com.trello.workflow.UpdateBoardsTests"/>
</testsuite> <!-- com.trello.workflow.UpdateBoardsTests -->
