<?xml version="1.0" encoding="UTF-8"?>
<!-- Generated by org.testng.reporters.JUnitReportReporter -->
<testsuite hostname="XIPL9166" name="com.trello.workflow.CreateBoardTests" tests="1" failures="0" timestamp="13 Jul 2020 08:46:32 GMT" time="9.555" errors="0">
  <testcase name="createBoardWithCustomLists" time="9.555" classname="com.trello.workflow.CreateBoardTests"/>
</testsuite> <!-- com.trello.workflow.CreateBoardTests -->
