<?xml version="1.0" encoding="UTF-8"?>
<!-- Generated by org.testng.reporters.JUnitReportReporter -->
<testsuite hostname="XIPL9166" name="com.trello.workflow.DeleteBoardTests" tests="1" failures="0" timestamp="13 Jul 2020 08:08:58 GMT" time="132.295" errors="0">
  <testcase name="deleteAllBoards" time="132.295" classname="com.trello.workflow.DeleteBoardTests"/>
</testsuite> <!-- com.trello.workflow.DeleteBoardTests -->
